========== tsne_fcl2 ===========
SVM predicts for plane a accuracy 0.484500
SVM predicts for car a accuracy 0.496000
SVM predicts for bird a accuracy 0.497500
SVM predicts for cat a accuracy 0.506500
SVM predicts for deer a accuracy 0.496000
SVM predicts for dog a accuracy 0.511500
SVM predicts for frog a accuracy 0.497000
SVM predicts for horse a accuracy 0.507500
SVM predicts for ship a accuracy 0.513000
SVM predicts for truck a accuracy 0.492500
========== tsne_fcl1 ===========
SVM predicts for plane a accuracy 0.516500
SVM predicts for car a accuracy 0.477500
SVM predicts for bird a accuracy 0.517000
SVM predicts for cat a accuracy 0.527500
SVM predicts for deer a accuracy 0.502000
SVM predicts for dog a accuracy 0.521500
SVM predicts for frog a accuracy 0.509500
SVM predicts for horse a accuracy 0.501000
SVM predicts for ship a accuracy 0.490000
SVM predicts for truck a accuracy 0.482500
========== tsne_flatten ===========
SVM predicts for plane a accuracy 0.501000
SVM predicts for car a accuracy 0.502000
SVM predicts for bird a accuracy 0.491000
SVM predicts for cat a accuracy 0.497000
SVM predicts for deer a accuracy 0.483500
SVM predicts for dog a accuracy 0.495500
SVM predicts for frog a accuracy 0.487500
SVM predicts for horse a accuracy 0.495000
SVM predicts for ship a accuracy 0.501000
SVM predicts for truck a accuracy 0.501000
