dropout_rate : 0.0
data_dir : ./cifar10/cifar-10-batches-py
eval_freq : 1000
learning_rate : 0.0001
print_freq : 10
batch_size : 128
summary : 0
refine_after_k : 10
checkpoint_dir : ./checkpoints
reg_strength : 0.0
log_dir : ./logs/cifar10/vgg/k_0/
checkpoint_freq : 5000
batch_normal : 0
max_steps : 15000
saver : 0
pool5.shape: (?, ?, ?, 512)
Iteration 1/15000. Train Loss = 2.303, Train Accuracy = 0.117
Iteration 1/15000. Validation Loss = 2.303, Validation Accuracy = 0.134
Iteration 1000/15000. Train Loss = 0.566, Train Accuracy = 0.828
Iteration 1000/15000. Validation Loss = 0.599, Validation Accuracy = 0.819
Iteration 2000/15000. Train Loss = 0.138, Train Accuracy = 0.961
Iteration 2000/15000. Validation Loss = 0.684, Validation Accuracy = 0.835
Iteration 3000/15000. Train Loss = 0.180, Train Accuracy = 0.945
Iteration 3000/15000. Validation Loss = 0.615, Validation Accuracy = 0.852
Iteration 4000/15000. Train Loss = 0.235, Train Accuracy = 0.938
Iteration 4000/15000. Validation Loss = 0.728, Validation Accuracy = 0.838
Iteration 5000/15000. Train Loss = 0.020, Train Accuracy = 0.984
Iteration 5000/15000. Validation Loss = 0.929, Validation Accuracy = 0.846
Iteration 6000/15000. Train Loss = 0.022, Train Accuracy = 1.000
Iteration 6000/15000. Validation Loss = 0.836, Validation Accuracy = 0.862
Iteration 7000/15000. Train Loss = 0.084, Train Accuracy = 0.977
Iteration 7000/15000. Validation Loss = 0.762, Validation Accuracy = 0.860
Iteration 8000/15000. Train Loss = 0.025, Train Accuracy = 0.984
Iteration 8000/15000. Validation Loss = 0.847, Validation Accuracy = 0.862
Iteration 9000/15000. Train Loss = 0.010, Train Accuracy = 1.000
Iteration 9000/15000. Validation Loss = 1.002, Validation Accuracy = 0.869
Iteration 10000/15000. Train Loss = 0.072, Train Accuracy = 0.977
Iteration 10000/15000. Validation Loss = 0.761, Validation Accuracy = 0.855
Iteration 11000/15000. Train Loss = 0.022, Train Accuracy = 0.992
Iteration 11000/15000. Validation Loss = 1.060, Validation Accuracy = 0.859
Iteration 12000/15000. Train Loss = 0.014, Train Accuracy = 1.000
Iteration 12000/15000. Validation Loss = 0.987, Validation Accuracy = 0.864
Iteration 13000/15000. Train Loss = 0.039, Train Accuracy = 0.984
Iteration 13000/15000. Validation Loss = 1.175, Validation Accuracy = 0.851
Iteration 14000/15000. Train Loss = 0.072, Train Accuracy = 0.984
Iteration 14000/15000. Validation Loss = 0.918, Validation Accuracy = 0.859
Iteration 15000/15000. Train Loss = 0.028, Train Accuracy = 0.992
Iteration 15000/15000. Validation Loss = 0.883, Validation Accuracy = 0.842
dropout_rate : 0.0
data_dir : ./cifar10/cifar-10-batches-py
eval_freq : 1000
learning_rate : 0.0001
print_freq : 10
batch_size : 128
summary : 0
refine_after_k : 100
checkpoint_dir : ./checkpoints
reg_strength : 0.0
log_dir : ./logs/cifar10/vgg/k_100/
checkpoint_freq : 5000
batch_normal : 0
max_steps : 15000
saver : 0
pool5.shape: (?, ?, ?, 512)
Iteration 1/15000. Train Loss = 2.303, Train Accuracy = 0.117
Iteration 1/15000. Validation Loss = 2.303, Validation Accuracy = 0.134
Iteration 1000/15000. Train Loss = 0.691, Train Accuracy = 0.789
Iteration 1000/15000. Validation Loss = 0.677, Validation Accuracy = 0.794
Iteration 2000/15000. Train Loss = 0.165, Train Accuracy = 0.945
Iteration 2000/15000. Validation Loss = 0.598, Validation Accuracy = 0.842
Iteration 3000/15000. Train Loss = 0.132, Train Accuracy = 0.938
Iteration 3000/15000. Validation Loss = 0.625, Validation Accuracy = 0.850
Iteration 4000/15000. Train Loss = 0.160, Train Accuracy = 0.961
Iteration 4000/15000. Validation Loss = 0.740, Validation Accuracy = 0.845
Iteration 5000/15000. Train Loss = 0.060, Train Accuracy = 0.992
Iteration 5000/15000. Validation Loss = 0.783, Validation Accuracy = 0.843
Iteration 6000/15000. Train Loss = 0.089, Train Accuracy = 0.961
Iteration 6000/15000. Validation Loss = 0.937, Validation Accuracy = 0.838
Iteration 7000/15000. Train Loss = 0.052, Train Accuracy = 0.984
Iteration 7000/15000. Validation Loss = 0.839, Validation Accuracy = 0.862
Iteration 8000/15000. Train Loss = 0.012, Train Accuracy = 1.000
Iteration 8000/15000. Validation Loss = 0.938, Validation Accuracy = 0.857
Iteration 9000/15000. Train Loss = 0.055, Train Accuracy = 0.992
Iteration 9000/15000. Validation Loss = 0.958, Validation Accuracy = 0.855
Iteration 10000/15000. Train Loss = 0.034, Train Accuracy = 0.992
Iteration 10000/15000. Validation Loss = 0.991, Validation Accuracy = 0.841
Iteration 11000/15000. Train Loss = 0.021, Train Accuracy = 0.992
Iteration 11000/15000. Validation Loss = 1.004, Validation Accuracy = 0.851
Iteration 12000/15000. Train Loss = 0.019, Train Accuracy = 0.992
Iteration 12000/15000. Validation Loss = 1.000, Validation Accuracy = 0.858
Iteration 13000/15000. Train Loss = 0.007, Train Accuracy = 1.000
Iteration 13000/15000. Validation Loss = 0.913, Validation Accuracy = 0.862
Iteration 14000/15000. Train Loss = 0.006, Train Accuracy = 1.000
Iteration 14000/15000. Validation Loss = 0.886, Validation Accuracy = 0.861
Iteration 15000/15000. Train Loss = 0.071, Train Accuracy = 0.977
Iteration 15000/15000. Validation Loss = 0.885, Validation Accuracy = 0.859
dropout_rate : 0.0
data_dir : ./cifar10/cifar-10-batches-py
eval_freq : 1000
learning_rate : 0.0001
print_freq : 10
batch_size : 128
summary : 0
refine_after_k : 1000
checkpoint_dir : ./checkpoints
reg_strength : 0.0
log_dir : ./logs/cifar10/vgg/k_1000/
checkpoint_freq : 5000
batch_normal : 0
max_steps : 15000
saver : 0
pool5.shape: (?, ?, ?, 512)
Iteration 1/15000. Train Loss = 2.303, Train Accuracy = 0.117
Iteration 1/15000. Validation Loss = 2.303, Validation Accuracy = 0.134
Iteration 1000/15000. Train Loss = 1.374, Train Accuracy = 0.547
Iteration 1000/15000. Validation Loss = 2.049, Validation Accuracy = 0.346
Iteration 2000/15000. Train Loss = 0.270, Train Accuracy = 0.906
Iteration 2000/15000. Validation Loss = 0.580, Validation Accuracy = 0.826
Iteration 3000/15000. Train Loss = 0.216, Train Accuracy = 0.930
Iteration 3000/15000. Validation Loss = 0.554, Validation Accuracy = 0.852
Iteration 4000/15000. Train Loss = 0.184, Train Accuracy = 0.969
Iteration 4000/15000. Validation Loss = 0.668, Validation Accuracy = 0.853
Iteration 5000/15000. Train Loss = 0.069, Train Accuracy = 0.984
Iteration 5000/15000. Validation Loss = 0.687, Validation Accuracy = 0.859
Iteration 6000/15000. Train Loss = 0.146, Train Accuracy = 0.953
Iteration 6000/15000. Validation Loss = 0.979, Validation Accuracy = 0.841
Iteration 7000/15000. Train Loss = 0.041, Train Accuracy = 0.992
Iteration 7000/15000. Validation Loss = 0.700, Validation Accuracy = 0.854
Iteration 8000/15000. Train Loss = 0.068, Train Accuracy = 0.984
Iteration 8000/15000. Validation Loss = 0.730, Validation Accuracy = 0.861
Iteration 9000/15000. Train Loss = 0.066, Train Accuracy = 1.000
Iteration 9000/15000. Validation Loss = 0.750, Validation Accuracy = 0.845
Iteration 10000/15000. Train Loss = 0.066, Train Accuracy = 0.969
Iteration 10000/15000. Validation Loss = 0.790, Validation Accuracy = 0.849
Iteration 11000/15000. Train Loss = 0.046, Train Accuracy = 0.992
Iteration 11000/15000. Validation Loss = 0.818, Validation Accuracy = 0.848
Iteration 12000/15000. Train Loss = 0.020, Train Accuracy = 0.992
Iteration 12000/15000. Validation Loss = 0.913, Validation Accuracy = 0.858
Iteration 13000/15000. Train Loss = 0.014, Train Accuracy = 1.000
Iteration 13000/15000. Validation Loss = 0.922, Validation Accuracy = 0.865
Iteration 14000/15000. Train Loss = 0.013, Train Accuracy = 1.000
Iteration 14000/15000. Validation Loss = 0.983, Validation Accuracy = 0.861
Iteration 15000/15000. Train Loss = 0.057, Train Accuracy = 0.992
Iteration 15000/15000. Validation Loss = 0.932, Validation Accuracy = 0.861
dropout_rate : 0.0
data_dir : ./cifar10/cifar-10-batches-py
eval_freq : 1000
learning_rate : 0.0001
print_freq : 10
batch_size : 128
summary : 0
refine_after_k : 2500
checkpoint_dir : ./checkpoints
reg_strength : 0.0
log_dir : ./logs/cifar10/vgg/k_2500/
checkpoint_freq : 5000
batch_normal : 0
max_steps : 15000
saver : 0
pool5.shape: (?, ?, ?, 512)
Iteration 1/15000. Train Loss = 2.303, Train Accuracy = 0.117
Iteration 1/15000. Validation Loss = 2.303, Validation Accuracy = 0.134
Iteration 1000/15000. Train Loss = 1.373, Train Accuracy = 0.547
Iteration 1000/15000. Validation Loss = 1.201, Validation Accuracy = 0.584
Iteration 2000/15000. Train Loss = 0.969, Train Accuracy = 0.656
Iteration 2000/15000. Validation Loss = 1.094, Validation Accuracy = 0.630
Iteration 3000/15000. Train Loss = 0.545, Train Accuracy = 0.820
Iteration 3000/15000. Validation Loss = 0.635, Validation Accuracy = 0.799
Iteration 4000/15000. Train Loss = 0.437, Train Accuracy = 0.883
Iteration 4000/15000. Validation Loss = 0.563, Validation Accuracy = 0.829
Iteration 5000/15000. Train Loss = 0.132, Train Accuracy = 0.953
Iteration 5000/15000. Validation Loss = 0.601, Validation Accuracy = 0.857
Iteration 6000/15000. Train Loss = 0.180, Train Accuracy = 0.969
Iteration 6000/15000. Validation Loss = 0.751, Validation Accuracy = 0.840
Iteration 7000/15000. Train Loss = 0.076, Train Accuracy = 0.969
Iteration 7000/15000. Validation Loss = 0.606, Validation Accuracy = 0.849
Iteration 8000/15000. Train Loss = 0.073, Train Accuracy = 0.984
Iteration 8000/15000. Validation Loss = 0.775, Validation Accuracy = 0.861
Iteration 9000/15000. Train Loss = 0.014, Train Accuracy = 1.000
Iteration 9000/15000. Validation Loss = 0.822, Validation Accuracy = 0.848
Iteration 10000/15000. Train Loss = 0.030, Train Accuracy = 0.992
Iteration 10000/15000. Validation Loss = 0.908, Validation Accuracy = 0.846
Iteration 11000/15000. Train Loss = 0.012, Train Accuracy = 1.000
Iteration 11000/15000. Validation Loss = 0.930, Validation Accuracy = 0.856
Iteration 12000/15000. Train Loss = 0.012, Train Accuracy = 1.000
Iteration 12000/15000. Validation Loss = 0.816, Validation Accuracy = 0.859
Iteration 13000/15000. Train Loss = 0.011, Train Accuracy = 1.000
Iteration 13000/15000. Validation Loss = 0.975, Validation Accuracy = 0.851
Iteration 14000/15000. Train Loss = 0.040, Train Accuracy = 0.984
Iteration 14000/15000. Validation Loss = 0.871, Validation Accuracy = 0.857
Iteration 15000/15000. Train Loss = 0.045, Train Accuracy = 0.984
Iteration 15000/15000. Validation Loss = 0.816, Validation Accuracy = 0.866
dropout_rate : 0.0
data_dir : ./cifar10/cifar-10-batches-py
eval_freq : 1000
learning_rate : 0.0001
print_freq : 10
batch_size : 128
summary : 0
refine_after_k : 15000
checkpoint_dir : ./checkpoints
reg_strength : 0.0
log_dir : ./logs/cifar10/vgg/k_15000/
checkpoint_freq : 5000
batch_normal : 0
max_steps : 15000
saver : 0
pool5.shape: (?, ?, ?, 512)
Iteration 1/15000. Train Loss = 2.303, Train Accuracy = 0.117
Iteration 1/15000. Validation Loss = 2.303, Validation Accuracy = 0.134
Iteration 1000/15000. Train Loss = 1.374, Train Accuracy = 0.547
Iteration 1000/15000. Validation Loss = 1.201, Validation Accuracy = 0.584
Iteration 2000/15000. Train Loss = 0.971, Train Accuracy = 0.672
Iteration 2000/15000. Validation Loss = 1.094, Validation Accuracy = 0.630
Iteration 3000/15000. Train Loss = 1.006, Train Accuracy = 0.648
Iteration 3000/15000. Validation Loss = 1.071, Validation Accuracy = 0.643
Iteration 4000/15000. Train Loss = 1.015, Train Accuracy = 0.695
Iteration 4000/15000. Validation Loss = 1.050, Validation Accuracy = 0.654
Iteration 5000/15000. Train Loss = 1.088, Train Accuracy = 0.648
Iteration 5000/15000. Validation Loss = 1.038, Validation Accuracy = 0.656
Iteration 6000/15000. Train Loss = 0.901, Train Accuracy = 0.641
Iteration 6000/15000. Validation Loss = 1.039, Validation Accuracy = 0.658
Iteration 7000/15000. Train Loss = 0.910, Train Accuracy = 0.688
Iteration 7000/15000. Validation Loss = 1.030, Validation Accuracy = 0.663
Iteration 8000/15000. Train Loss = 1.035, Train Accuracy = 0.688
Iteration 8000/15000. Validation Loss = 1.065, Validation Accuracy = 0.659
Iteration 9000/15000. Train Loss = 0.814, Train Accuracy = 0.711
Iteration 9000/15000. Validation Loss = 1.072, Validation Accuracy = 0.658
Iteration 10000/15000. Train Loss = 0.838, Train Accuracy = 0.719
Iteration 10000/15000. Validation Loss = 1.104, Validation Accuracy = 0.657
Iteration 11000/15000. Train Loss = 0.735, Train Accuracy = 0.750
Iteration 11000/15000. Validation Loss = 1.110, Validation Accuracy = 0.654
Iteration 12000/15000. Train Loss = 0.615, Train Accuracy = 0.773
Iteration 12000/15000. Validation Loss = 1.117, Validation Accuracy = 0.665
Iteration 13000/15000. Train Loss = 0.697, Train Accuracy = 0.758
Iteration 13000/15000. Validation Loss = 1.163, Validation Accuracy = 0.649
Iteration 14000/15000. Train Loss = 0.834, Train Accuracy = 0.703
Iteration 14000/15000. Validation Loss = 1.186, Validation Accuracy = 0.654
Iteration 15000/15000. Train Loss = 0.578, Train Accuracy = 0.828
Iteration 15000/15000. Validation Loss = 2.309, Validation Accuracy = 0.508
